[DEBUG] poly bar is opened
[DEBUG] Received ClientMessage event:
Response type: 161
Format: 32
Sequence: 138
Window: 8388611
Type: 258

[DEBUG] Data: 42076668

[DEBUG] Received ClientMessage event:
Response type: 161
Format: 32
Sequence: 138
Window: 8388611
Type: 258

[DEBUG] Data: 42075628

[DEBUG] Children of root window:

[DEBUG] Failed to get window name for child 1

[DEBUG] Child 2: picom

[DEBUG] Child 3: polybar-main_default

[DEBUG] Failed to get window name for child 4

[DEBUG] Failed to get window name for child 5

[DEBUG] Failed to get window name for child 6

[DEBUG] Failed to get window name for child 7

[DEBUG] Child 8: Alacritty

[DEBUG] client name = Alacritty, reply name = Alacritty: 115

[DEBUG] client class name = Alacritty, reply class name = Alacritty: 115

[DEBUG] client instance name = Alacritty, reply instance name = Alacritty: 42074128

[DEBUG] set_input_focus
[DEBUG] set_input_focus
[DEBUG] received data32:

[DEBUG] data32[0]: 2

[DEBUG] data32[1]: 0

[DEBUG] data32[2]: 0

[DEBUG] data32[3]: 0

[DEBUG] data32[4]: 0

[DEBUG] desktop 0, active false
[DEBUG] desktop 1, active false
[DEBUG] desktop 2, active true
[DEBUG] desktop 3, active false
[DEBUG] desktop 4, active false
[DEBUG] Received ClientMessage event:
Response type: 161
Format: 32
Sequence: 174
Window: 1020
Type: 239

[DEBUG] Data: 42076668

[DEBUG] client name = Alacritty, reply name = Alacritty: 115

[DEBUG] client class name = Alacritty, reply class name = Alacritty: 115

[DEBUG] client instance name = Alacritty, reply instance name = Alacritty: 42074128

[DEBUG] set_input_focus
[DEBUG] set_input_focus
[DEBUG] received data32:

[DEBUG] data32[0]: 1

[DEBUG] data32[1]: 0

[DEBUG] data32[2]: 0

[DEBUG] data32[3]: 0

[DEBUG] data32[4]: 0

[DEBUG] desktop 0, active false
[DEBUG] desktop 1, active true
[DEBUG] desktop 2, active false
[DEBUG] desktop 3, active false
[DEBUG] desktop 4, active false
[DEBUG] Received ClientMessage event:
Response type: 161
Format: 32
Sequence: 193
Window: 1020
Type: 239

[DEBUG] Data: 42075628

[DEBUG] client name = Alacritty, reply name = Alacritty: 115

[DEBUG] client class name = Alacritty, reply class name = Alacritty: 115

[DEBUG] client instance name = Alacritty, reply instance name = Alacritty: 42074128

[DEBUG] set_input_focus
[DEBUG] Received ClientMessage event:
Response type: 161
Format: 32
Sequence: 207
Window: 23068675
Type: 258

[DEBUG] Data: 42076476

[DEBUG] Received ClientMessage event:
Response type: 161
Format: 32
Sequence: 207
Window: 23068675
Type: 258

[DEBUG] Data: 42075676

[DEBUG] Children of root window:

[DEBUG] Failed to get window name for child 1

[DEBUG] Child 2: picom

[DEBUG] Child 3: polybar-main_default

[DEBUG] Failed to get window name for child 4

[DEBUG] Failed to get window name for child 5

[DEBUG] Failed to get window name for child 6

[DEBUG] Failed to get window name for child 7

[DEBUG] Child 8: Alacritty

[DEBUG] Failed to get window name for child 9

[DEBUG] Failed to get window name for child 10

[DEBUG] Failed to get window name for child 11

[DEBUG] Failed to get window name for child 12

[DEBUG] Child 13: Alacritty

[DEBUG] set_input_focus
[DEBUG] client name = Alacritty, reply name = Alacritty: 115

[DEBUG] client class name = Alacritty, reply class name = Alacritty: 115

[DEBUG] client instance name = Alacritty, reply instance name = Alacritty: 42074128

[DEBUG] set_input_focus
[DEBUG] set_input_focus
[DEBUG] client name = Alacritty, reply name = Alacritty: 115

[DEBUG] client class name = Alacritty, reply class name = Alacritty: 115

[DEBUG] client instance name = Alacritty, reply instance name = Alacritty: 42074128

[DEBUG] set_input_focus
[DEBUG] set_input_focus
[DEBUG] received data32:

[DEBUG] data32[0]: 4

[DEBUG] data32[1]: 0

[DEBUG] data32[2]: 0

[DEBUG] data32[3]: 0

[DEBUG] data32[4]: 0

[DEBUG] desktop 0, active false
[DEBUG] desktop 1, active false
[DEBUG] desktop 2, active false
[DEBUG] desktop 3, active false
[DEBUG] desktop 4, active true
[DEBUG] Received ClientMessage event:
Response type: 161
Format: 32
Sequence: 278
Window: 1020
Type: 239

[DEBUG] Data: 42075676

[DEBUG] client name = Alacritty, reply name = Alacritty: 115

[DEBUG] client class name = Alacritty, reply class name = Alacritty: 115

[DEBUG] client instance name = Alacritty, reply instance name = Alacritty: 42074128

[DEBUG] set_input_focus
[DEBUG] set_input_focus
[DEBUG] received data32:

[DEBUG] data32[0]: 2

[DEBUG] data32[1]: 0

[DEBUG] data32[2]: 0

[DEBUG] data32[3]: 0

[DEBUG] data32[4]: 0

[DEBUG] desktop 0, active false
[DEBUG] desktop 1, active false
[DEBUG] desktop 2, active true
[DEBUG] desktop 3, active false
[DEBUG] desktop 4, active false
[DEBUG] Received ClientMessage event:
Response type: 161
Format: 32
Sequence: 297
Window: 1020
Type: 239

[DEBUG] Data: 42076620

[DEBUG] client name = Alacritty, reply name = Alacritty: 115

[DEBUG] client class name = Alacritty, reply class name = Alacritty: 115

[DEBUG] client instance name = Alacritty, reply instance name = Alacritty: 42074128

[DEBUG] set_input_focus
[DEBUG] set_input_focus
[DEBUG] received data32:

[DEBUG] data32[0]: 1

[DEBUG] data32[1]: 0

[DEBUG] data32[2]: 0

[DEBUG] data32[3]: 0

[DEBUG] data32[4]: 0

[DEBUG] desktop 0, active false
[DEBUG] desktop 1, active true
[DEBUG] desktop 2, active false
[DEBUG] desktop 3, active false
[DEBUG] desktop 4, active false
[DEBUG] Received ClientMessage event:
Response type: 161
Format: 32
Sequence: 316
Window: 1020
Type: 239

[DEBUG] Data: 42076476

[DEBUG] client name = Alacritty, reply name = Alacritty: 115

[DEBUG] client class name = Alacritty, reply class name = Alacritty: 115

[DEBUG] client instance name = Alacritty, reply instance name = Alacritty: 42074128

[DEBUG] set_input_focus
[DEBUG] parent of node has two external children
[DEBUG] Node Type: 2, Client Window ID: 23068675
[DEBUG] client name = Alacritty, reply name = Alacritty: 115

[DEBUG] client class name = Alacritty, reply class name = Alacritty: 115

[DEBUG] client instance name = Alacritty, reply instance name = Alacritty: 42074128

[DEBUG] set_input_focus
[DEBUG] poly bar is opened
[DEBUG] Received ClientMessage event:
Response type: 161
Format: 32
Sequence: 138
Window: 4194307
Type: 258

[DEBUG] Data: 427313660

[DEBUG] Received ClientMessage event:
Response type: 161
Format: 32
Sequence: 138
Window: 4194307
Type: 258

[DEBUG] Data: 427312620

[DEBUG] client name = Alacritty, reply name = Alacritty: 115

[DEBUG] client class name = Alacritty, reply class name = Alacritty: 115

[DEBUG] client instance name = Alacritty, reply instance name = Alacritty: 427311120

[DEBUG] set_input_focus
[DEBUG] Received ClientMessage event:
Response type: 161
Format: 32
Sequence: 160
Window: 23068675
Type: 258

[DEBUG] Data: 427313468

[DEBUG] Received ClientMessage event:
Response type: 161
Format: 32
Sequence: 160
Window: 23068675
Type: 258

[DEBUG] Data: 427312620

[DEBUG] set_input_focus
[DEBUG] client name = Alacritty, reply name = Alacritty: 115

[DEBUG] client class name = Alacritty, reply class name = Alacritty: 115

[DEBUG] client instance name = Alacritty, reply instance name = Alacritty: 427311120

[DEBUG] set_input_focus
[DEBUG] set_input_focus
[DEBUG] client name = Alacritty, reply name = Alacritty: 115

[DEBUG] client class name = Alacritty, reply class name = Alacritty: 115

[DEBUG] client instance name = Alacritty, reply instance name = Alacritty: 427311120

[DEBUG] set_input_focus
[DEBUG] set_input_focus
[DEBUG] client name = Alacritty, reply name = Alacritty: 115

[DEBUG] client class name = Alacritty, reply class name = Alacritty: 115

[DEBUG] client instance name = Alacritty, reply instance name = Alacritty: 427311120

[DEBUG] set_input_focus
[DEBUG] set_input_focus
[DEBUG] client name = Alacritty, reply name = Alacritty: 115

[DEBUG] client class name = Alacritty, reply class name = Alacritty: 115

[DEBUG] client instance name = Alacritty, reply instance name = Alacritty: 427311120

[DEBUG] set_input_focus
[DEBUG] set_input_focus
[DEBUG] client name = Alacritty, reply name = Alacritty: 115

[DEBUG] client class name = Alacritty, reply class name = Alacritty: 115

[DEBUG] client instance name = Alacritty, reply instance name = Alacritty: 427311120

[DEBUG] set_input_focus
[DEBUG] Received ClientMessage event:
Response type: 161
Format: 32
Sequence: 266
Window: 33554435
Type: 258

[DEBUG] Data: 427345244

[DEBUG] Received ClientMessage event:
Response type: 161
Format: 32
Sequence: 266
Window: 33554435
Type: 258

[DEBUG] Data: 427314508

[DEBUG] set_input_focus
[DEBUG] client name = Alacritty, reply name = Alacritty: 115

[DEBUG] client class name = Alacritty, reply class name = Alacritty: 115

[DEBUG] client instance name = Alacritty, reply instance name = Alacritty: 427311120

[DEBUG] set_input_focus
[DEBUG] set_input_focus
[DEBUG] client name = Alacritty, reply name = Alacritty: 115

[DEBUG] client class name = Alacritty, reply class name = Alacritty: 115

[DEBUG] client instance name = Alacritty, reply instance name = Alacritty: 427311120

[DEBUG] set_input_focus
[DEBUG] set_input_focus
[DEBUG] client name = Alacritty, reply name = Alacritty: 115

[DEBUG] client class name = Alacritty, reply class name = Alacritty: 115

[DEBUG] client instance name = Alacritty, reply instance name = Alacritty: 427311120

[DEBUG] set_input_focus
[DEBUG] parent of node has two external children
[DEBUG] Node Type: 2
[DEBUG] Node Type: 8, Client Window ID: 4194307
[DEBUG] Node Type: 8, Client Window ID: 23068675
[DEBUG] client name = Alacritty, reply name = Alacritty: 115

[DEBUG] client class name = Alacritty, reply class name = Alacritty: 115

[DEBUG] client instance name = Alacritty, reply instance name = Alacritty: 427311120

[DEBUG] set_input_focus
[DEBUG] parent of node has two external children
[DEBUG] Node Type: 2, Client Window ID: 4194307
[DEBUG] client name = Alacritty, reply name = Alacritty: 115

[DEBUG] client class name = Alacritty, reply class name = Alacritty: 115

[DEBUG] client instance name = Alacritty, reply instance name = Alacritty: 427311120

[DEBUG] set_input_focus
[DEBUG] poly bar is opened
[DEBUG] Received ClientMessage event:
Response type: 161
Format: 32
Sequence: 138
Window: 4194307
Type: 258

[DEBUG] Data: 3479411196

[DEBUG] Received ClientMessage event:
Response type: 161
Format: 32
Sequence: 138
Window: 4194307
Type: 258

[DEBUG] Data: 3479410156

[DEBUG] client name = Alacritty, reply name = Alacritty: 115

[DEBUG] client class name = Alacritty, reply class name = Alacritty: 115

[DEBUG] client instance name = Alacritty, reply instance name = Alacritty: 3479408656

[DEBUG] set_input_focus
[DEBUG] Received ClientMessage event:
Response type: 161
Format: 32
Sequence: 160
Window: 23068675
Type: 258

[DEBUG] Data: 3479411004

[DEBUG] Received ClientMessage event:
Response type: 161
Format: 32
Sequence: 160
Window: 23068675
Type: 258

[DEBUG] Data: 3479410156

[DEBUG] set_input_focus
[DEBUG] client name = Alacritty, reply name = Alacritty: 115

[DEBUG] client class name = Alacritty, reply class name = Alacritty: 115

[DEBUG] client instance name = Alacritty, reply instance name = Alacritty: 3479408656

[DEBUG] set_input_focus
[DEBUG] set_input_focus
[DEBUG] client name = Alacritty, reply name = Alacritty: 115

[DEBUG] client class name = Alacritty, reply class name = Alacritty: 115

[DEBUG] client instance name = Alacritty, reply instance name = Alacritty: 3479408656

[DEBUG] set_input_focus
[DEBUG] parent of node has two external children
[DEBUG] Node Type: 2, Client Window ID: 4194307
[DEBUG] client name = Alacritty, reply name = Alacritty: 115

[DEBUG] client class name = Alacritty, reply class name = Alacritty: 115

[DEBUG] client instance name = Alacritty, reply instance name = Alacritty: 3479408656

[DEBUG] set_input_focus
[DEBUG] desktop 0, active false
[DEBUG] desktop 1, active false
[DEBUG] desktop 2, active true
[DEBUG] desktop 3, active false
[DEBUG] desktop 4, active false
[DEBUG] Received ClientMessage event:
Response type: 161
Format: 32
Sequence: 237
Window: 1020
Type: 239

[DEBUG] Data: 3479412044

[DEBUG] Received ClientMessage event:
Response type: 161
Format: 32
Sequence: 239
Window: 33554435
Type: 258

[DEBUG] Data: 3479411052

[DEBUG] Received ClientMessage event:
Response type: 161
Format: 32
Sequence: 239
Window: 33554435
Type: 258

[DEBUG] Data: 3479412044

[ERROR] Failed to handle XCB_ENTER_NOTIFY for window 33554435

[DEBUG] poly bar is opened
[DEBUG] Received ClientMessage event:
Response type: 161
Format: 32
Sequence: 138
Window: 4194307
Type: 258

[DEBUG] Data: 551077356

[DEBUG] Received ClientMessage event:
Response type: 161
Format: 32
Sequence: 138
Window: 4194307
Type: 258

[DEBUG] Data: 551078300

[DEBUG] client name = Alacritty, reply name = Alacritty: 115

[DEBUG] client class name = Alacritty, reply class name = Alacritty: 115

[DEBUG] client instance name = Alacritty, reply instance name = Alacritty: 551075856

[DEBUG] set_input_focus
[DEBUG] Received ClientMessage event:
Response type: 161
Format: 32
Sequence: 160
Window: 23068675
Type: 258

[DEBUG] Data: 551077356

[DEBUG] Received ClientMessage event:
Response type: 161
Format: 32
Sequence: 160
Window: 23068675
Type: 258

[DEBUG] Data: 551078204

[DEBUG] set_input_focus
[DEBUG] client name = Alacritty, reply name = Alacritty: 115

[DEBUG] client class name = Alacritty, reply class name = Alacritty: 115

[DEBUG] client instance name = Alacritty, reply instance name = Alacritty: 551075856

[DEBUG] set_input_focus
[DEBUG] set_input_focus
[DEBUG] desktop 0, active false
[DEBUG] desktop 1, active false
[DEBUG] desktop 2, active true
[DEBUG] desktop 3, active false
[DEBUG] desktop 4, active false
[DEBUG] Received ClientMessage event:
Response type: 161
Format: 32
Sequence: 199
Window: 1020
Type: 239

[DEBUG] Data: 551079244

[DEBUG] client name = Alacritty, reply name = Alacritty: 115

[DEBUG] client class name = Alacritty, reply class name = Alacritty: 115

[DEBUG] client instance name = Alacritty, reply instance name = Alacritty: 551075856

[DEBUG] set_input_focus
[DEBUG] set_input_focus
[DEBUG] client name = Alacritty, reply name = Alacritty: 115

[DEBUG] client class name = Alacritty, reply class name = Alacritty: 115

[DEBUG] client instance name = Alacritty, reply instance name = Alacritty: 551075856

[DEBUG] set_input_focus
[DEBUG] set_input_focus
[DEBUG] client name = Alacritty, reply name = Alacritty: 115

[DEBUG] client class name = Alacritty, reply class name = Alacritty: 115

[DEBUG] client instance name = Alacritty, reply instance name = Alacritty: 551075856

[DEBUG] set_input_focus
[DEBUG] set_input_focus
[DEBUG] desktop 0, active false
[DEBUG] desktop 1, active false
[DEBUG] desktop 2, active false
[DEBUG] desktop 3, active false
[DEBUG] desktop 4, active true
[DEBUG] Received ClientMessage event:
Response type: 161
Format: 32
Sequence: 266
Window: 1020
Type: 239

[DEBUG] Data: 551078204

[DEBUG] client name = Alacritty, reply name = Alacritty: 115

[DEBUG] client class name = Alacritty, reply class name = Alacritty: 115

[DEBUG] client instance name = Alacritty, reply instance name = Alacritty: 551075856

[DEBUG] set_input_focus
[DEBUG] set_input_focus
[DEBUG] client name = Alacritty, reply name = Alacritty: 115

[DEBUG] client class name = Alacritty, reply class name = Alacritty: 115

[DEBUG] client instance name = Alacritty, reply instance name = Alacritty: 551075856

[DEBUG] set_input_focus
[DEBUG] set_input_focus
[DEBUG] client name = Alacritty, reply name = Alacritty: 115

[DEBUG] client class name = Alacritty, reply class name = Alacritty: 115

[DEBUG] client instance name = Alacritty, reply instance name = Alacritty: 551075856

[DEBUG] set_input_focus
[DEBUG] set_input_focus
[DEBUG] client name = Alacritty, reply name = Alacritty: 115

[DEBUG] client class name = Alacritty, reply class name = Alacritty: 115

[DEBUG] client instance name = Alacritty, reply instance name = Alacritty: 551075856

[DEBUG] set_input_focus
[DEBUG] set_input_focus
[DEBUG] client name = Alacritty, reply name = Alacritty: 115

[DEBUG] client class name = Alacritty, reply class name = Alacritty: 115

[DEBUG] client instance name = Alacritty, reply instance name = Alacritty: 551075856

[DEBUG] set_input_focus
[DEBUG] set_input_focus
[DEBUG] client name = Alacritty, reply name = Alacritty: 115

[DEBUG] client class name = Alacritty, reply class name = Alacritty: 115

[DEBUG] client instance name = Alacritty, reply instance name = Alacritty: 551075856

[DEBUG] set_input_focus
[DEBUG] set_input_focus
[DEBUG] client name = Alacritty, reply name = Alacritty: 115

[DEBUG] client class name = Alacritty, reply class name = Alacritty: 115

[DEBUG] client instance name = Alacritty, reply instance name = Alacritty: 551075856

[DEBUG] set_input_focus
[DEBUG] set_input_focus
[DEBUG] client name = Alacritty, reply name = Alacritty: 115

[DEBUG] client class name = Alacritty, reply class name = Alacritty: 115

[DEBUG] client instance name = Alacritty, reply instance name = Alacritty: 551075856

[DEBUG] set_input_focus
[DEBUG] poly bar is opened
[DEBUG] Received ClientMessage event:
Response type: 161
Format: 32
Sequence: 138
Window: 8388611
Type: 258

[DEBUG] Data: 2065676796

[DEBUG] Received ClientMessage event:
Response type: 161
Format: 32
Sequence: 138
Window: 8388611
Type: 258

[DEBUG] Data: 2065675756

[DEBUG] client name = Alacritty, reply name = Alacritty: 115

[DEBUG] client class name = Alacritty, reply class name = Alacritty: 115

[DEBUG] client instance name = Alacritty, reply instance name = Alacritty: 2065674256

[DEBUG] set_input_focus
[DEBUG] Received ClientMessage event:
Response type: 161
Format: 32
Sequence: 160
Window: 23068675
Type: 258

[DEBUG] Data: 2065676748

[DEBUG] Received ClientMessage event:
Response type: 161
Format: 32
Sequence: 160
Window: 23068675
Type: 258

[DEBUG] Data: 2065676700

[DEBUG] set_input_focus
[DEBUG] client name = yaz@archlinux:~/_dev/c_dev/zwm, reply name = yaz@archlinux:~/_dev/c_dev/zwm: 115

[DEBUG] client class name = Alacritty, reply class name = Alacritty: 115

[DEBUG] client instance name = Alacritty, reply instance name = Alacritty: 2065674256

[DEBUG] set_input_focus
[DEBUG] set_input_focus
[DEBUG] client name = yaz@archlinux:~/_dev/c_dev/zwm, reply name = yaz@archlinux:~/_dev/c_dev/zwm: 115

[DEBUG] client class name = Alacritty, reply class name = Alacritty: 115

[DEBUG] client instance name = Alacritty, reply instance name = Alacritty: 2065674256

[DEBUG] set_input_focus
[DEBUG] set_input_focus
[DEBUG] client name = yaz@archlinux:~/_dev/c_dev/zwm, reply name = yaz@archlinux:~/_dev/c_dev/zwm: 115

[DEBUG] client class name = Alacritty, reply class name = Alacritty: 115

[DEBUG] client instance name = Alacritty, reply instance name = Alacritty: 2065674256

[DEBUG] set_input_focus
[DEBUG] set_input_focus
[DEBUG] client name = yaz@archlinux:~/_dev/c_dev/zwm, reply name = yaz@archlinux:~/_dev/c_dev/zwm: 115

[DEBUG] client class name = Alacritty, reply class name = Alacritty: 115

[DEBUG] client instance name = Alacritty, reply instance name = Alacritty: 2065674256

[DEBUG] set_input_focus
[DEBUG] set_input_focus
[DEBUG] client name = yaz@archlinux:~/_dev/c_dev/zwm, reply name = yaz@archlinux:~/_dev/c_dev/zwm: 115

[DEBUG] client class name = Alacritty, reply class name = Alacritty: 115

[DEBUG] client instance name = Alacritty, reply instance name = Alacritty: 2065674256

[DEBUG] set_input_focus
[DEBUG] set_input_focus
[DEBUG] client name = yaz@archlinux:~/_dev/c_dev/zwm, reply name = yaz@archlinux:~/_dev/c_dev/zwm: 115

[DEBUG] client class name = Alacritty, reply class name = Alacritty: 115

[DEBUG] client instance name = Alacritty, reply instance name = Alacritty: 2065674256

[DEBUG] set_input_focus
[DEBUG] set_input_focus
[DEBUG] desktop 0, active false
[DEBUG] desktop 1, active false
[DEBUG] desktop 2, active true
[DEBUG] desktop 3, active false
[DEBUG] desktop 4, active false
[DEBUG] Received ClientMessage event:
Response type: 161
Format: 32
Sequence: 289
Window: 1020
Type: 239

[DEBUG] Data: 2065675804

[DEBUG] client name = yaz@archlinux:~/_dev/c_dev/zwm, reply name = yaz@archlinux:~/_dev/c_dev/zwm: 115

[DEBUG] client class name = Alacritty, reply class name = Alacritty: 115

[DEBUG] client instance name = Alacritty, reply instance name = Alacritty: 2065674256

[DEBUG] set_input_focus
[DEBUG] set_input_focus
[DEBUG] client name = yaz@archlinux:~/_dev/c_dev/zwm, reply name = yaz@archlinux:~/_dev/c_dev/zwm: 115

[DEBUG] client class name = Alacritty, reply class name = Alacritty: 115

[DEBUG] client instance name = Alacritty, reply instance name = Alacritty: 2065674256

[DEBUG] set_input_focus
[DEBUG] set_input_focus
[DEBUG] client name = yaz@archlinux:~/_dev/c_dev/zwm, reply name = yaz@archlinux:~/_dev/c_dev/zwm: 115

[DEBUG] client class name = Alacritty, reply class name = Alacritty: 115

[DEBUG] client instance name = Alacritty, reply instance name = Alacritty: 2065674256

[DEBUG] set_input_focus
[DEBUG] set_input_focus
[DEBUG] client name = yaz@archlinux:~/_dev/c_dev/zwm, reply name = yaz@archlinux:~/_dev/c_dev/zwm: 115

[DEBUG] client class name = Alacritty, reply class name = Alacritty: 115

[DEBUG] client instance name = Alacritty, reply instance name = Alacritty: 2065674256

[DEBUG] set_input_focus
[DEBUG] set_input_focus
[DEBUG] client name = yaz@archlinux:~/_dev/c_dev/zwm, reply name = yaz@archlinux:~/_dev/c_dev/zwm: 115

[DEBUG] client class name = Alacritty, reply class name = Alacritty: 115

[DEBUG] client instance name = Alacritty, reply instance name = Alacritty: 2065674256

[DEBUG] set_input_focus
[DEBUG] poly bar is opened
[DEBUG] Received ClientMessage event:
Response type: 161
Format: 32
Sequence: 138
Window: 6291459
Type: 258

[DEBUG] Data: 3840862716

[DEBUG] Received ClientMessage event:
Response type: 161
Format: 32
Sequence: 138
Window: 6291459
Type: 258

[DEBUG] Data: 3840861676

[DEBUG] client name = Alacritty, reply name = Alacritty: 115

[DEBUG] client class name = Alacritty, reply class name = Alacritty: 115

[DEBUG] client instance name = Alacritty, reply instance name = Alacritty: 3840860176

[DEBUG] set_input_focus
[DEBUG] Received ClientMessage event:
Response type: 161
Format: 32
Sequence: 160
Window: 23068675
Type: 258

[DEBUG] Data: 3840862524

[DEBUG] Received ClientMessage event:
Response type: 161
Format: 32
Sequence: 160
Window: 23068675
Type: 258

[DEBUG] Data: 3840862524

[DEBUG] set_input_focus
[DEBUG] client name = yaz@archlinux:~/_dev/c_dev/zwm, reply name = yaz@archlinux:~/_dev/c_dev/zwm: 115

[DEBUG] client class name = Alacritty, reply class name = Alacritty: 115

[DEBUG] client instance name = Alacritty, reply instance name = Alacritty: 3840860176

[DEBUG] set_input_focus
[DEBUG] set_input_focus
[DEBUG] client name = yaz@archlinux:~/_dev/c_dev/zwm, reply name = yaz@archlinux:~/_dev/c_dev/zwm: 115

[DEBUG] client class name = Alacritty, reply class name = Alacritty: 115

[DEBUG] client instance name = Alacritty, reply instance name = Alacritty: 3840860176

[DEBUG] set_input_focus
[DEBUG] set_input_focus
[DEBUG] client name = yaz@archlinux:~/_dev/c_dev/zwm, reply name = yaz@archlinux:~/_dev/c_dev/zwm: 115

[DEBUG] client class name = Alacritty, reply class name = Alacritty: 115

[DEBUG] client instance name = Alacritty, reply instance name = Alacritty: 3840860176

[DEBUG] set_input_focus
[DEBUG] set_input_focus
[DEBUG] current desktop 0
[DEBUG] desktop 0, active false
[DEBUG] desktop 1, active true
[DEBUG] desktop 2, active false
[DEBUG] desktop 3, active false
[DEBUG] desktop 4, active false
[DEBUG] Received ClientMessage event:
Response type: 161
Format: 32
Sequence: 235
Window: 1020
Type: 239

[DEBUG] Data: 3840861724

[DEBUG] client name = yaz@archlinux:~/_dev/c_dev/zwm, reply name = yaz@archlinux:~/_dev/c_dev/zwm: 115

[DEBUG] client class name = Alacritty, reply class name = Alacritty: 115

[DEBUG] client instance name = Alacritty, reply instance name = Alacritty: 3840860176

[DEBUG] set_input_focus
[DEBUG] set_input_focus
[DEBUG] client name = yaz@archlinux:~/_dev/c_dev/zwm, reply name = yaz@archlinux:~/_dev/c_dev/zwm: 115

[DEBUG] client class name = Alacritty, reply class name = Alacritty: 115

[DEBUG] client instance name = Alacritty, reply instance name = Alacritty: 3840860176

[DEBUG] set_input_focus
